<?xml version="1.0" encoding="UTF-8"?>
<!-- Generated by org.testng.reporters.JUnitXMLReporter -->
<testsuite ignored="0" hostname="MDS-WIN-PC01" failures="0" tests="4" name="Default test" time="51.129" errors="0" timestamp="2023-09-05T22:52:26 EDT">
  <testcase classname="testLayer.LoginTest" name="Title" time="0.023"/>
  <testcase classname="testLayer.LoginTest" name="Login" time="0.97"/>
  <testcase classname="testLayer.LoginTest" name="Login" time="0.851"/>
  <testcase classname="testLayer.LoginTest" name="Login" time="0.903"/>
</testsuite> <!-- Default test -->
