<?xml version="1.0" encoding="UTF-8"?>
<!-- Generated by org.testng.reporters.JUnitXMLReporter -->
<testsuite ignored="0" hostname="MDS-WIN-PC01" failures="0" tests="4" name="Test" time="54.108" errors="0" timestamp="2023-09-06T08:54:41 EDT">
  <testcase classname="testLayer.LoginTest" name="Title" time="0.043"/>
  <testcase classname="testLayer.LoginTest" name="Login" time="0.8"/>
  <testcase classname="testLayer.LoginTest" name="Login" time="0.659"/>
  <testcase classname="testLayer.LoginTest" name="Login" time="1.101"/>
</testsuite> <!-- Test -->
