<?xml version="1.0" encoding="UTF-8"?>
<testng-results ignored="0" total="4" passed="4" failed="0" skipped="0">
  <reporter-output>
  </reporter-output>
  <suite started-at="2023-09-05T22:51:34 EDT" name="Default suite" finished-at="2023-09-05T22:52:26 EDT" duration-ms="51129">
    <groups>
    </groups>
    <test started-at="2023-09-05T22:51:34 EDT" name="Default test" finished-at="2023-09-05T22:52:26 EDT" duration-ms="51129">
      <class name="testLayer.LoginTest">
        <test-method is-config="true" signature="initsetup()[pri:0, instance:testLayer.LoginTest@72e5a8e]" started-at="2023-09-05T22:51:35 EDT" name="initsetup" finished-at="2023-09-05T22:51:46 EDT" duration-ms="11427" status="PASS">
          <reporter-output>
          </reporter-output>
        </test-method> <!-- initsetup -->
        <test-method signature="Title()[pri:1, instance:testLayer.LoginTest@72e5a8e]" started-at="2023-09-05T22:51:46 EDT" name="Title" finished-at="2023-09-05T22:51:46 EDT" duration-ms="23" status="PASS">
          <reporter-output>
          </reporter-output>
        </test-method> <!-- Title -->
        <test-method is-config="true" signature="Close()[pri:0, instance:testLayer.LoginTest@72e5a8e]" started-at="2023-09-05T22:51:46 EDT" name="Close" finished-at="2023-09-05T22:51:48 EDT" duration-ms="1723" status="PASS">
          <reporter-output>
          </reporter-output>
        </test-method> <!-- Close -->
        <test-method is-config="true" signature="initsetup()[pri:0, instance:testLayer.LoginTest@72e5a8e]" started-at="2023-09-05T22:51:49 EDT" name="initsetup" finished-at="2023-09-05T22:51:58 EDT" duration-ms="9195" status="PASS">
          <reporter-output>
          </reporter-output>
        </test-method> <!-- initsetup -->
        <test-method signature="Login(java.lang.String,java.lang.String)[pri:2, instance:testLayer.LoginTest@72e5a8e]" started-at="2023-09-05T22:51:58 EDT" name="Login" data-provider="Details" finished-at="2023-09-05T22:51:59 EDT" duration-ms="970" status="PASS">
          <params>
            <param index="0">
              <value>
                <![CDATA[Admin]]>
              </value>
            </param>
            <param index="1">
              <value>
                <![CDATA[admin123]]>
              </value>
            </param>
          </params>
          <reporter-output>
          </reporter-output>
        </test-method> <!-- Login -->
        <test-method is-config="true" signature="Close()[pri:0, instance:testLayer.LoginTest@72e5a8e]" started-at="2023-09-05T22:51:59 EDT" name="Close" finished-at="2023-09-05T22:52:02 EDT" duration-ms="2580" status="PASS">
          <reporter-output>
          </reporter-output>
        </test-method> <!-- Close -->
        <test-method is-config="true" signature="initsetup()[pri:0, instance:testLayer.LoginTest@72e5a8e]" started-at="2023-09-05T22:52:02 EDT" name="initsetup" finished-at="2023-09-05T22:52:11 EDT" duration-ms="9430" status="PASS">
          <reporter-output>
          </reporter-output>
        </test-method> <!-- initsetup -->
        <test-method signature="Login(java.lang.String,java.lang.String)[pri:2, instance:testLayer.LoginTest@72e5a8e]" started-at="2023-09-05T22:52:11 EDT" name="Login" data-provider="Details" finished-at="2023-09-05T22:52:12 EDT" duration-ms="851" status="PASS">
          <params>
            <param index="0">
              <value>
                <![CDATA[Admin]]>
              </value>
            </param>
            <param index="1">
              <value>
                <![CDATA[abcd]]>
              </value>
            </param>
          </params>
          <reporter-output>
          </reporter-output>
        </test-method> <!-- Login -->
        <test-method is-config="true" signature="Close()[pri:0, instance:testLayer.LoginTest@72e5a8e]" started-at="2023-09-05T22:52:12 EDT" name="Close" finished-at="2023-09-05T22:52:14 EDT" duration-ms="2308" status="PASS">
          <reporter-output>
          </reporter-output>
        </test-method> <!-- Close -->
        <test-method is-config="true" signature="initsetup()[pri:0, instance:testLayer.LoginTest@72e5a8e]" started-at="2023-09-05T22:52:14 EDT" name="initsetup" finished-at="2023-09-05T22:52:22 EDT" duration-ms="8019" status="PASS">
          <reporter-output>
          </reporter-output>
        </test-method> <!-- initsetup -->
        <test-method signature="Login(java.lang.String,java.lang.String)[pri:2, instance:testLayer.LoginTest@72e5a8e]" started-at="2023-09-05T22:52:22 EDT" name="Login" data-provider="Details" finished-at="2023-09-05T22:52:23 EDT" duration-ms="903" status="PASS">
          <params>
            <param index="0">
              <value>
                <![CDATA[scott]]>
              </value>
            </param>
            <param index="1">
              <value>
                <![CDATA[xyz]]>
              </value>
            </param>
          </params>
          <reporter-output>
          </reporter-output>
        </test-method> <!-- Login -->
        <test-method is-config="true" signature="Close()[pri:0, instance:testLayer.LoginTest@72e5a8e]" started-at="2023-09-05T22:52:23 EDT" name="Close" finished-at="2023-09-05T22:52:26 EDT" duration-ms="2362" status="PASS">
          <reporter-output>
          </reporter-output>
        </test-method> <!-- Close -->
      </class> <!-- testLayer.LoginTest -->
    </test> <!-- Default test -->
  </suite> <!-- Default suite -->
</testng-results>
